<?xml version="1.0" encoding="UTF-8"?>
<!-- Generated by org.testng.reporters.JUnitReportReporter -->
<testsuite hostname="LAPTOP-4RAGM6OB" failures="0" tests="1" name="lastTest.lastTest1" time="14.278" errors="0" timestamp="2024-01-22T17:40:06 CST" skipped="0">
  <testcase classname="lastTest.lastTest1" name="loginMethod" time="14.278"/>
  <system-out/>
</testsuite> <!-- lastTest.lastTest1 -->
